<?xml version="1.0" encoding="UTF-8"?>
<coverage generated="1613042039753" clover="3.2.0">
  <project timestamp="1613042039754" name="All files">
    <metrics statements="138" coveredstatements="92" conditionals="26" coveredconditionals="8" methods="52" coveredmethods="29" elements="216" coveredelements="129" complexity="0" loc="138" ncloc="138" packages="10" files="12" classes="12"/>
    <package name="components.alertBar">
      <metrics statements="7" coveredstatements="6" conditionals="4" coveredconditionals="2" methods="2" coveredmethods="1"/>
      <file name="alertBar.js" path="C:\Users\jstev\OneDrive\Desktop\echotechsuggest\src\components\alertBar\alertBar.js">
        <metrics statements="7" coveredstatements="6" conditionals="4" coveredconditionals="2" methods="2" coveredmethods="1"/>
        <line num="12" count="4" type="stmt"/>
        <line num="14" count="4" type="cond" truecount="1" falsecount="1"/>
        <line num="15" count="4" type="cond" truecount="1" falsecount="1"/>
        <line num="17" count="4" type="stmt"/>
        <line num="23" count="0" type="stmt"/>
        <line num="32" count="5" type="stmt"/>
        <line num="38" count="5" type="stmt"/>
      </file>
    </package>
    <package name="components.manageBookmarks">
      <metrics statements="2" coveredstatements="1" conditionals="0" coveredconditionals="0" methods="1" coveredmethods="0"/>
      <file name="manageBookmarks.js" path="C:\Users\jstev\OneDrive\Desktop\echotechsuggest\src\components\manageBookmarks\manageBookmarks.js">
        <metrics statements="2" coveredstatements="1" conditionals="0" coveredconditionals="0" methods="1" coveredmethods="0"/>
        <line num="9" count="0" type="stmt"/>
        <line num="26" count="1" type="stmt"/>
      </file>
    </package>
    <package name="components.manageBookmarks.dataGrid">
      <metrics statements="22" coveredstatements="16" conditionals="8" coveredconditionals="4" methods="7" coveredmethods="3"/>
      <file name="dataGrid.js" path="C:\Users\jstev\OneDrive\Desktop\echotechsuggest\src\components\manageBookmarks\dataGrid\dataGrid.js">
        <metrics statements="22" coveredstatements="16" conditionals="8" coveredconditionals="4" methods="7" coveredmethods="3"/>
        <line num="10" count="1" type="stmt"/>
        <line num="11" count="1" type="stmt"/>
        <line num="12" count="1" type="stmt"/>
        <line num="13" count="1" type="stmt"/>
        <line num="15" count="1" type="stmt"/>
        <line num="16" count="1" type="stmt"/>
        <line num="17" count="1" type="stmt"/>
        <line num="19" count="0" type="stmt"/>
        <line num="20" count="0" type="stmt"/>
        <line num="23" count="0" type="stmt"/>
        <line num="24" count="0" type="stmt"/>
        <line num="25" count="0" type="stmt"/>
        <line num="29" count="1" type="stmt"/>
        <line num="30" count="1" type="stmt"/>
        <line num="33" count="1" type="stmt"/>
        <line num="34" count="1" type="stmt"/>
        <line num="35" count="1" type="cond" truecount="1" falsecount="1"/>
        <line num="36" count="1" type="cond" truecount="1" falsecount="1"/>
        <line num="38" count="1" type="stmt"/>
        <line num="39" count="1" type="stmt"/>
        <line num="41" count="1" type="stmt"/>
        <line num="57" count="0" type="stmt"/>
      </file>
    </package>
    <package name="components.manageBookmarks.dataGrid.cells">
      <metrics statements="10" coveredstatements="10" conditionals="0" coveredconditionals="0" methods="4" coveredmethods="4"/>
      <file name="cell.js" path="C:\Users\jstev\OneDrive\Desktop\echotechsuggest\src\components\manageBookmarks\dataGrid\cells\cell.js">
        <metrics statements="3" coveredstatements="3" conditionals="0" coveredconditionals="0" methods="1" coveredmethods="1"/>
        <line num="6" count="1" type="stmt"/>
        <line num="8" count="1" type="stmt"/>
        <line num="15" count="4" type="stmt"/>
      </file>
      <file name="chipCell.js" path="C:\Users\jstev\OneDrive\Desktop\echotechsuggest\src\components\manageBookmarks\dataGrid\cells\chipCell.js">
        <metrics statements="7" coveredstatements="7" conditionals="0" coveredconditionals="0" methods="3" coveredmethods="3"/>
        <line num="5" count="4" type="stmt"/>
        <line num="6" count="3" type="stmt"/>
        <line num="14" count="1" type="stmt"/>
        <line num="16" count="3" type="stmt"/>
        <line num="18" count="1" type="stmt"/>
        <line num="25" count="4" type="stmt"/>
        <line num="29" count="4" type="stmt"/>
      </file>
    </package>
    <package name="components.manageBookmarks.dataGrid.headerRow">
      <metrics statements="1" coveredstatements="1" conditionals="0" coveredconditionals="0" methods="1" coveredmethods="1"/>
      <file name="headerRow.js" path="C:\Users\jstev\OneDrive\Desktop\echotechsuggest\src\components\manageBookmarks\dataGrid\headerRow\headerRow.js">
        <metrics statements="1" coveredstatements="1" conditionals="0" coveredconditionals="0" methods="1" coveredmethods="1"/>
        <line num="5" count="2" type="stmt"/>
      </file>
    </package>
    <package name="components.manageBookmarks.dataGrid.rows">
      <metrics statements="6" coveredstatements="6" conditionals="0" coveredconditionals="0" methods="1" coveredmethods="1"/>
      <file name="row.js" path="C:\Users\jstev\OneDrive\Desktop\echotechsuggest\src\components\manageBookmarks\dataGrid\rows\row.js">
        <metrics statements="6" coveredstatements="6" conditionals="0" coveredconditionals="0" methods="1" coveredmethods="1"/>
        <line num="13" count="1" type="stmt"/>
        <line num="22" count="1" type="stmt"/>
        <line num="24" count="1" type="stmt"/>
        <line num="33" count="3" type="stmt"/>
        <line num="39" count="3" type="stmt"/>
        <line num="50" count="3" type="stmt"/>
      </file>
    </package>
    <package name="components.menu">
      <metrics statements="19" coveredstatements="10" conditionals="10" coveredconditionals="1" methods="5" coveredmethods="2"/>
      <file name="menu.js" path="C:\Users\jstev\OneDrive\Desktop\echotechsuggest\src\components\menu\menu.js">
        <metrics statements="19" coveredstatements="10" conditionals="10" coveredconditionals="1" methods="5" coveredmethods="2"/>
        <line num="11" count="3" type="stmt"/>
        <line num="12" count="2" type="stmt"/>
        <line num="14" count="1" type="stmt"/>
        <line num="15" count="0" type="stmt"/>
        <line num="18" count="1" type="stmt"/>
        <line num="19" count="0" type="stmt"/>
        <line num="22" count="1" type="stmt"/>
        <line num="23" count="0" type="stmt"/>
        <line num="26" count="1" type="stmt"/>
        <line num="27" count="1" type="cond" truecount="1" falsecount="1"/>
        <line num="28" count="1" type="stmt"/>
        <line num="51" count="0" type="cond" truecount="0" falsecount="2"/>
        <line num="52" count="0" type="stmt"/>
        <line num="63" count="0" type="cond" truecount="0" falsecount="2"/>
        <line num="64" count="0" type="stmt"/>
        <line num="75" count="0" type="cond" truecount="0" falsecount="4"/>
        <line num="76" count="0" type="stmt"/>
        <line num="84" count="1" type="stmt"/>
        <line num="100" count="1" type="stmt"/>
      </file>
    </package>
    <package name="components.newBookmark">
      <metrics statements="18" coveredstatements="18" conditionals="2" coveredconditionals="1" methods="5" coveredmethods="5"/>
      <file name="newBookmark.js" path="C:\Users\jstev\OneDrive\Desktop\echotechsuggest\src\components\newBookmark\newBookmark.js">
        <metrics statements="18" coveredstatements="18" conditionals="2" coveredconditionals="1" methods="5" coveredmethods="5"/>
        <line num="7" count="2" type="stmt"/>
        <line num="14" count="2" type="stmt"/>
        <line num="23" count="3" type="stmt"/>
        <line num="24" count="3" type="stmt"/>
        <line num="25" count="3" type="stmt"/>
        <line num="26" count="3" type="stmt"/>
        <line num="28" count="3" type="stmt"/>
        <line num="29" count="2" type="stmt"/>
        <line num="32" count="3" type="stmt"/>
        <line num="33" count="2" type="stmt"/>
        <line num="35" count="1" type="stmt"/>
        <line num="36" count="1" type="stmt"/>
        <line num="37" count="1" type="stmt"/>
        <line num="40" count="1" type="stmt"/>
        <line num="41" count="1" type="stmt"/>
        <line num="42" count="1" type="stmt"/>
        <line num="46" count="3" type="stmt"/>
        <line num="73" count="2" type="stmt"/>
      </file>
    </package>
    <package name="components.viewBookmark">
      <metrics statements="25" coveredstatements="1" conditionals="2" coveredconditionals="0" methods="9" coveredmethods="0"/>
      <file name="viewBookmark.js" path="C:\Users\jstev\OneDrive\Desktop\echotechsuggest\src\components\viewBookmark\viewBookmark.js">
        <metrics statements="25" coveredstatements="1" conditionals="2" coveredconditionals="0" methods="9" coveredmethods="0"/>
        <line num="13" count="0" type="stmt"/>
        <line num="15" count="0" type="stmt"/>
        <line num="16" count="0" type="stmt"/>
        <line num="26" count="0" type="stmt"/>
        <line num="30" count="0" type="stmt"/>
        <line num="32" count="0" type="stmt"/>
        <line num="33" count="0" type="stmt"/>
        <line num="34" count="0" type="stmt"/>
        <line num="36" count="0" type="stmt"/>
        <line num="37" count="0" type="stmt"/>
        <line num="41" count="0" type="stmt"/>
        <line num="42" count="0" type="stmt"/>
        <line num="45" count="0" type="stmt"/>
        <line num="46" count="0" type="stmt"/>
        <line num="48" count="0" type="stmt"/>
        <line num="52" count="0" type="stmt"/>
        <line num="53" count="0" type="stmt"/>
        <line num="56" count="0" type="stmt"/>
        <line num="60" count="0" type="stmt"/>
        <line num="61" count="0" type="stmt"/>
        <line num="65" count="0" type="stmt"/>
        <line num="66" count="0" type="stmt"/>
        <line num="69" count="0" type="stmt"/>
        <line num="104" count="0" type="stmt"/>
        <line num="112" count="1" type="stmt"/>
      </file>
    </package>
    <package name="utils">
      <metrics statements="28" coveredstatements="23" conditionals="0" coveredconditionals="0" methods="17" coveredmethods="12"/>
      <file name="constants.js" path="C:\Users\jstev\OneDrive\Desktop\echotechsuggest\src\utils\constants.js">
        <metrics statements="1" coveredstatements="1" conditionals="0" coveredconditionals="0" methods="0" coveredmethods="0"/>
        <line num="1" count="6" type="stmt"/>
      </file>
      <file name="storage.js" path="C:\Users\jstev\OneDrive\Desktop\echotechsuggest\src\utils\storage.js">
        <metrics statements="27" coveredstatements="22" conditionals="0" coveredconditionals="0" methods="17" coveredmethods="12"/>
        <line num="4" count="1" type="stmt"/>
        <line num="8" count="1" type="stmt"/>
        <line num="10" count="1" type="stmt"/>
        <line num="20" count="1" type="stmt"/>
        <line num="22" count="1" type="stmt"/>
        <line num="25" count="0" type="stmt"/>
        <line num="30" count="1" type="stmt"/>
        <line num="39" count="1" type="stmt"/>
        <line num="41" count="1" type="stmt"/>
        <line num="42" count="1" type="stmt"/>
        <line num="45" count="0" type="stmt"/>
        <line num="50" count="1" type="stmt"/>
        <line num="58" count="1" type="stmt"/>
        <line num="68" count="1" type="stmt"/>
        <line num="70" count="1" type="stmt"/>
        <line num="71" count="1" type="stmt"/>
        <line num="74" count="0" type="stmt"/>
        <line num="79" count="1" type="stmt"/>
        <line num="90" count="1" type="stmt"/>
        <line num="100" count="1" type="stmt"/>
        <line num="102" count="1" type="stmt"/>
        <line num="105" count="0" type="stmt"/>
        <line num="110" count="1" type="stmt"/>
        <line num="118" count="1" type="stmt"/>
        <line num="128" count="1" type="stmt"/>
        <line num="130" count="1" type="stmt"/>
        <line num="133" count="0" type="stmt"/>
      </file>
    </package>
  </project>
</coverage>
