<?xml version="1.0" encoding="UTF-8"?>
<coverage generated="1611587397581" clover="3.2.0">
  <project timestamp="1611587397581" name="All files">
    <metrics statements="34" coveredstatements="29" conditionals="8" coveredconditionals="3" methods="8" coveredmethods="8" elements="50" coveredelements="40" complexity="0" loc="34" ncloc="34" packages="2" files="2" classes="2"/>
    <package name="components.newBookmark">
      <metrics statements="12" coveredstatements="12" conditionals="4" coveredconditionals="1" methods="5" coveredmethods="5"/>
      <file name="newBookmark.js" path="C:\Users\jstev\Documents\echotechsuggest\src\components\newBookmark\newBookmark.js">
        <metrics statements="12" coveredstatements="12" conditionals="4" coveredconditionals="1" methods="5" coveredmethods="5"/>
        <line num="8" count="3" type="stmt"/>
        <line num="9" count="3" type="stmt"/>
        <line num="10" count="3" type="stmt"/>
        <line num="12" count="3" type="stmt"/>
        <line num="13" count="2" type="stmt"/>
        <line num="16" count="3" type="stmt"/>
        <line num="17" count="2" type="stmt"/>
        <line num="19" count="1" type="stmt"/>
        <line num="20" count="1" type="stmt"/>
        <line num="23" count="1" type="stmt"/>
        <line num="24" count="1" type="stmt"/>
        <line num="28" count="3" type="stmt"/>
      </file>
    </package>
    <package name="utils">
      <metrics statements="22" coveredstatements="17" conditionals="4" coveredconditionals="2" methods="3" coveredmethods="3"/>
      <file name="storage.js" path="C:\Users\jstev\Documents\echotechsuggest\src\utils\storage.js">
        <metrics statements="22" coveredstatements="17" conditionals="4" coveredconditionals="2" methods="3" coveredmethods="3"/>
        <line num="4" count="1" type="stmt"/>
        <line num="5" count="1" type="stmt"/>
        <line num="7" count="1" type="stmt"/>
        <line num="8" count="1" type="cond" truecount="1" falsecount="1"/>
        <line num="9" count="1" type="stmt"/>
        <line num="12" count="1" type="stmt"/>
        <line num="14" count="1" type="stmt"/>
        <line num="19" count="1" type="stmt"/>
        <line num="21" count="1" type="stmt"/>
        <line num="23" count="1" type="stmt"/>
        <line num="28" count="1" type="stmt"/>
        <line num="34" count="0" type="stmt"/>
        <line num="42" count="1" type="stmt"/>
        <line num="43" count="1" type="stmt"/>
        <line num="47" count="1" type="stmt"/>
        <line num="48" count="1" type="stmt"/>
        <line num="50" count="1" type="cond" truecount="1" falsecount="1"/>
        <line num="51" count="1" type="stmt"/>
        <line num="56" count="0" type="stmt"/>
        <line num="58" count="0" type="stmt"/>
        <line num="63" count="0" type="stmt"/>
        <line num="69" count="0" type="stmt"/>
      </file>
    </package>
  </project>
</coverage>
