{"C:\\Users\\jstev\\OneDrive\\Desktop\\echotechsuggest\\src\\components\\alertBar\\alertBar.js": {"path":"C:\\Users\\jstev\\OneDrive\\Desktop\\echotechsuggest\\src\\components\\alertBar\\alertBar.js","statementMap":{"0":{"start":{"line":12,"column":8},"end":{"line":12,"column":13}},"1":{"start":{"line":14,"column":21},"end":{"line":14,"column":81}},"2":{"start":{"line":15,"column":25},"end":{"line":15,"column":85}},"3":{"start":{"line":17,"column":24},"end":{"line":17,"column":101}},"4":{"start":{"line":19,"column":4},"end":{"line":36,"column":5}},"5":{"start":{"line":23,"column":29},"end":{"line":23,"column":46}},"6":{"start":{"line":26,"column":31},"end":{"line":26,"column":48}},"7":{"start":{"line":39,"column":0},"end":{"line":43,"column":1}},"8":{"start":{"line":45,"column":15},"end":{"line":61,"column":2}}},"fnMap":{"0":{"name":"AlertBar","decl":{"start":{"line":6,"column":24},"end":{"line":6,"column":32}},"loc":{"start":{"line":6,"column":40},"end":{"line":37,"column":1}},"line":6},"1":{"name":"(anonymous_1)","decl":{"start":{"line":23,"column":23},"end":{"line":23,"column":24}},"loc":{"start":{"line":23,"column":29},"end":{"line":23,"column":46}},"line":23},"2":{"name":"(anonymous_2)","decl":{"start":{"line":26,"column":25},"end":{"line":26,"column":26}},"loc":{"start":{"line":26,"column":31},"end":{"line":26,"column":48}},"line":26}},"branchMap":{"0":{"loc":{"start":{"line":14,"column":21},"end":{"line":14,"column":81}},"type":"cond-expr","locations":[{"start":{"line":14,"column":44},"end":{"line":14,"column":58}},{"start":{"line":14,"column":61},"end":{"line":14,"column":81}}],"line":14},"1":{"loc":{"start":{"line":15,"column":25},"end":{"line":15,"column":85}},"type":"cond-expr","locations":[{"start":{"line":15,"column":48},"end":{"line":15,"column":63}},{"start":{"line":15,"column":66},"end":{"line":15,"column":85}}],"line":15},"2":{"loc":{"start":{"line":17,"column":24},"end":{"line":17,"column":101}},"type":"cond-expr","locations":[{"start":{"line":17,"column":54},"end":{"line":17,"column":75}},{"start":{"line":17,"column":78},"end":{"line":17,"column":101}}],"line":17},"3":{"loc":{"start":{"line":32,"column":27},"end":{"line":32,"column":71}},"type":"cond-expr","locations":[{"start":{"line":32,"column":50},"end":{"line":32,"column":59}},{"start":{"line":32,"column":62},"end":{"line":32,"column":71}}],"line":32}},"s":{"0":4,"1":4,"2":4,"3":4,"4":4,"5":0,"6":0,"7":1,"8":1},"f":{"0":4,"1":0,"2":0},"b":{"0":[0,4],"1":[0,4],"2":[4,0],"3":[0,4]},"_coverageSchema":"1a1c01bbd47fc00a2c39e90264f33305004495a9","hash":"cd60764ffd8f8cab8d30ec85a1fa61e1f6811455"}
,"C:\\Users\\jstev\\OneDrive\\Desktop\\echotechsuggest\\src\\components\\viewBookmark\\viewBookmark.js": {"path":"C:\\Users\\jstev\\OneDrive\\Desktop\\echotechsuggest\\src\\components\\viewBookmark\\viewBookmark.js","statementMap":{"0":{"start":{"line":14,"column":38},"end":{"line":14,"column":59}},"1":{"start":{"line":15,"column":34},"end":{"line":24,"column":6}},"2":{"start":{"line":25,"column":44},"end":{"line":28,"column":6}},"3":{"start":{"line":29,"column":34},"end":{"line":29,"column":55}},"4":{"start":{"line":31,"column":34},"end":{"line":38,"column":5}},"5":{"start":{"line":32,"column":8},"end":{"line":32,"column":27}},"6":{"start":{"line":33,"column":8},"end":{"line":37,"column":15}},"7":{"start":{"line":35,"column":16},"end":{"line":35,"column":41}},"8":{"start":{"line":36,"column":16},"end":{"line":36,"column":36}},"9":{"start":{"line":40,"column":4},"end":{"line":42,"column":11}},"10":{"start":{"line":41,"column":8},"end":{"line":41,"column":32}},"11":{"start":{"line":44,"column":25},"end":{"line":62,"column":5}},"12":{"start":{"line":45,"column":8},"end":{"line":61,"column":15}},"13":{"start":{"line":47,"column":45},"end":{"line":50,"column":17}},"14":{"start":{"line":51,"column":16},"end":{"line":51,"column":54}},"15":{"start":{"line":52,"column":16},"end":{"line":52,"column":33}},"16":{"start":{"line":55,"column":43},"end":{"line":58,"column":17}},"17":{"start":{"line":59,"column":16},"end":{"line":59,"column":52}},"18":{"start":{"line":60,"column":16},"end":{"line":60,"column":33}},"19":{"start":{"line":64,"column":24},"end":{"line":64,"column":40}},"20":{"start":{"line":64,"column":30},"end":{"line":64,"column":40}},"21":{"start":{"line":66,"column":4},"end":{"line":115,"column":6}},"22":{"start":{"line":118,"column":15},"end":{"line":137,"column":2}}},"fnMap":{"0":{"name":"ViewBookmark","decl":{"start":{"line":9,"column":24},"end":{"line":9,"column":36}},"loc":{"start":{"line":12,"column":3},"end":{"line":116,"column":1}},"line":12},"1":{"name":"(anonymous_1)","decl":{"start":{"line":31,"column":34},"end":{"line":31,"column":35}},"loc":{"start":{"line":31,"column":46},"end":{"line":38,"column":5}},"line":31},"2":{"name":"(anonymous_2)","decl":{"start":{"line":34,"column":18},"end":{"line":34,"column":19}},"loc":{"start":{"line":34,"column":34},"end":{"line":37,"column":13}},"line":34},"3":{"name":"(anonymous_3)","decl":{"start":{"line":40,"column":20},"end":{"line":40,"column":21}},"loc":{"start":{"line":40,"column":26},"end":{"line":42,"column":5}},"line":40},"4":{"name":"(anonymous_4)","decl":{"start":{"line":44,"column":25},"end":{"line":44,"column":26}},"loc":{"start":{"line":44,"column":37},"end":{"line":62,"column":5}},"line":44},"5":{"name":"(anonymous_5)","decl":{"start":{"line":46,"column":18},"end":{"line":46,"column":19}},"loc":{"start":{"line":46,"column":35},"end":{"line":53,"column":13}},"line":46},"6":{"name":"(anonymous_6)","decl":{"start":{"line":54,"column":19},"end":{"line":54,"column":20}},"loc":{"start":{"line":54,"column":35},"end":{"line":61,"column":13}},"line":54},"7":{"name":"(anonymous_7)","decl":{"start":{"line":64,"column":24},"end":{"line":64,"column":25}},"loc":{"start":{"line":64,"column":30},"end":{"line":64,"column":40}},"line":64}},"branchMap":{"0":{"loc":{"start":{"line":73,"column":13},"end":{"line":113,"column":13}},"type":"cond-expr","locations":[{"start":{"line":74,"column":16},"end":{"line":76,"column":23}},{"start":{"line":78,"column":16},"end":{"line":112,"column":23}}],"line":73}},"s":{"0":7,"1":6,"2":6,"3":6,"4":6,"5":3,"6":3,"7":3,"8":3,"9":6,"10":3,"11":6,"12":1,"13":0,"14":0,"15":0,"16":0,"17":0,"18":0,"19":6,"20":1,"21":6,"22":1},"f":{"0":7,"1":3,"2":3,"3":3,"4":1,"5":0,"6":0,"7":1},"b":{"0":[2,4]},"_coverageSchema":"1a1c01bbd47fc00a2c39e90264f33305004495a9","hash":"951bcd9403170977b3e7c278ba431bec217ba18b"}
,"C:\\Users\\jstev\\OneDrive\\Desktop\\echotechsuggest\\src\\components\\viewBookmark\\tagList\\tagList.js": {"path":"C:\\Users\\jstev\\OneDrive\\Desktop\\echotechsuggest\\src\\components\\viewBookmark\\tagList\\tagList.js","statementMap":{"0":{"start":{"line":13,"column":44},"end":{"line":13,"column":62}},"1":{"start":{"line":14,"column":20},"end":{"line":14,"column":31}},"2":{"start":{"line":15,"column":34},"end":{"line":15,"column":52}},"3":{"start":{"line":16,"column":28},"end":{"line":16,"column":49}},"4":{"start":{"line":17,"column":36},"end":{"line":17,"column":57}},"5":{"start":{"line":19,"column":31},"end":{"line":31,"column":5}},"6":{"start":{"line":20,"column":8},"end":{"line":30,"column":15}},"7":{"start":{"line":22,"column":16},"end":{"line":22,"column":45}},"8":{"start":{"line":25,"column":16},"end":{"line":28,"column":19}},"9":{"start":{"line":29,"column":16},"end":{"line":29,"column":33}},"10":{"start":{"line":33,"column":23},"end":{"line":36,"column":5}},"11":{"start":{"line":34,"column":8},"end":{"line":34,"column":28}},"12":{"start":{"line":35,"column":8},"end":{"line":35,"column":22}},"13":{"start":{"line":38,"column":25},"end":{"line":41,"column":5}},"14":{"start":{"line":39,"column":8},"end":{"line":39,"column":23}},"15":{"start":{"line":40,"column":8},"end":{"line":40,"column":23}},"16":{"start":{"line":43,"column":23},"end":{"line":43,"column":46}},"17":{"start":{"line":43,"column":29},"end":{"line":43,"column":46}},"18":{"start":{"line":44,"column":24},"end":{"line":44,"column":48}},"19":{"start":{"line":44,"column":30},"end":{"line":44,"column":48}},"20":{"start":{"line":46,"column":25},"end":{"line":51,"column":5}},"21":{"start":{"line":47,"column":28},"end":{"line":47,"column":35}},"22":{"start":{"line":48,"column":8},"end":{"line":48,"column":30}},"23":{"start":{"line":49,"column":8},"end":{"line":49,"column":32}},"24":{"start":{"line":50,"column":8},"end":{"line":50,"column":22}},"25":{"start":{"line":53,"column":25},"end":{"line":66,"column":5}},"26":{"start":{"line":56,"column":12},"end":{"line":56,"column":34}},"27":{"start":{"line":58,"column":27},"end":{"line":60,"column":9}},"28":{"start":{"line":62,"column":28},"end":{"line":62,"column":35}},"29":{"start":{"line":63,"column":8},"end":{"line":63,"column":37}},"30":{"start":{"line":64,"column":8},"end":{"line":64,"column":32}},"31":{"start":{"line":65,"column":8},"end":{"line":65,"column":22}},"32":{"start":{"line":68,"column":28},"end":{"line":73,"column":5}},"33":{"start":{"line":69,"column":28},"end":{"line":69,"column":35}},"34":{"start":{"line":70,"column":31},"end":{"line":70,"column":59}},"35":{"start":{"line":71,"column":8},"end":{"line":71,"column":46}},"36":{"start":{"line":72,"column":8},"end":{"line":72,"column":32}},"37":{"start":{"line":75,"column":23},"end":{"line":100,"column":5}},"38":{"start":{"line":76,"column":25},"end":{"line":79,"column":9}},"39":{"start":{"line":81,"column":8},"end":{"line":81,"column":30}},"40":{"start":{"line":83,"column":8},"end":{"line":99,"column":15}},"41":{"start":{"line":85,"column":16},"end":{"line":85,"column":43}},"42":{"start":{"line":86,"column":16},"end":{"line":89,"column":19}},"43":{"start":{"line":90,"column":16},"end":{"line":90,"column":33}},"44":{"start":{"line":93,"column":16},"end":{"line":93,"column":44}},"45":{"start":{"line":94,"column":16},"end":{"line":97,"column":19}},"46":{"start":{"line":98,"column":16},"end":{"line":98,"column":33}},"47":{"start":{"line":102,"column":4},"end":{"line":104,"column":11}},"48":{"start":{"line":103,"column":8},"end":{"line":103,"column":29}},"49":{"start":{"line":106,"column":23},"end":{"line":113,"column":34}},"50":{"start":{"line":107,"column":23},"end":{"line":107,"column":49}},"51":{"start":{"line":108,"column":21},"end":{"line":113,"column":32}},"52":{"start":{"line":110,"column":39},"end":{"line":110,"column":56}},"53":{"start":{"line":115,"column":4},"end":{"line":164,"column":5}},"54":{"start":{"line":140,"column":45},"end":{"line":145,"column":35}},"55":{"start":{"line":142,"column":43},"end":{"line":142,"column":63}},"56":{"start":{"line":159,"column":45},"end":{"line":159,"column":85}},"57":{"start":{"line":167,"column":15},"end":{"line":173,"column":2}}},"fnMap":{"0":{"name":"tagList","decl":{"start":{"line":6,"column":24},"end":{"line":6,"column":31}},"loc":{"start":{"line":11,"column":3},"end":{"line":165,"column":1}},"line":11},"1":{"name":"(anonymous_1)","decl":{"start":{"line":19,"column":31},"end":{"line":19,"column":32}},"loc":{"start":{"line":19,"column":43},"end":{"line":31,"column":5}},"line":19},"2":{"name":"(anonymous_2)","decl":{"start":{"line":21,"column":18},"end":{"line":21,"column":19}},"loc":{"start":{"line":21,"column":33},"end":{"line":23,"column":13}},"line":21},"3":{"name":"(anonymous_3)","decl":{"start":{"line":24,"column":19},"end":{"line":24,"column":20}},"loc":{"start":{"line":24,"column":37},"end":{"line":30,"column":13}},"line":24},"4":{"name":"(anonymous_4)","decl":{"start":{"line":33,"column":23},"end":{"line":33,"column":24}},"loc":{"start":{"line":33,"column":29},"end":{"line":36,"column":5}},"line":33},"5":{"name":"(anonymous_5)","decl":{"start":{"line":38,"column":25},"end":{"line":38,"column":26}},"loc":{"start":{"line":38,"column":31},"end":{"line":41,"column":5}},"line":38},"6":{"name":"(anonymous_6)","decl":{"start":{"line":43,"column":23},"end":{"line":43,"column":24}},"loc":{"start":{"line":43,"column":29},"end":{"line":43,"column":46}},"line":43},"7":{"name":"(anonymous_7)","decl":{"start":{"line":44,"column":24},"end":{"line":44,"column":25}},"loc":{"start":{"line":44,"column":30},"end":{"line":44,"column":48}},"line":44},"8":{"name":"(anonymous_8)","decl":{"start":{"line":46,"column":25},"end":{"line":46,"column":26}},"loc":{"start":{"line":46,"column":34},"end":{"line":51,"column":5}},"line":46},"9":{"name":"(anonymous_9)","decl":{"start":{"line":53,"column":25},"end":{"line":53,"column":26}},"loc":{"start":{"line":53,"column":41},"end":{"line":66,"column":5}},"line":53},"10":{"name":"(anonymous_10)","decl":{"start":{"line":68,"column":28},"end":{"line":68,"column":29}},"loc":{"start":{"line":68,"column":45},"end":{"line":73,"column":5}},"line":68},"11":{"name":"(anonymous_11)","decl":{"start":{"line":75,"column":23},"end":{"line":75,"column":24}},"loc":{"start":{"line":75,"column":35},"end":{"line":100,"column":5}},"line":75},"12":{"name":"(anonymous_12)","decl":{"start":{"line":84,"column":18},"end":{"line":84,"column":19}},"loc":{"start":{"line":84,"column":35},"end":{"line":91,"column":13}},"line":84},"13":{"name":"(anonymous_13)","decl":{"start":{"line":92,"column":19},"end":{"line":92,"column":20}},"loc":{"start":{"line":92,"column":37},"end":{"line":99,"column":13}},"line":92},"14":{"name":"(anonymous_14)","decl":{"start":{"line":102,"column":20},"end":{"line":102,"column":21}},"loc":{"start":{"line":102,"column":26},"end":{"line":104,"column":5}},"line":102},"15":{"name":"(anonymous_15)","decl":{"start":{"line":107,"column":16},"end":{"line":107,"column":17}},"loc":{"start":{"line":107,"column":23},"end":{"line":107,"column":49}},"line":107},"16":{"name":"(anonymous_16)","decl":{"start":{"line":108,"column":13},"end":{"line":108,"column":14}},"loc":{"start":{"line":108,"column":21},"end":{"line":113,"column":32}},"line":108},"17":{"name":"(anonymous_17)","decl":{"start":{"line":110,"column":33},"end":{"line":110,"column":34}},"loc":{"start":{"line":110,"column":39},"end":{"line":110,"column":56}},"line":110},"18":{"name":"(anonymous_18)","decl":{"start":{"line":140,"column":37},"end":{"line":140,"column":38}},"loc":{"start":{"line":140,"column":45},"end":{"line":145,"column":35}},"line":140},"19":{"name":"(anonymous_19)","decl":{"start":{"line":142,"column":37},"end":{"line":142,"column":38}},"loc":{"start":{"line":142,"column":43},"end":{"line":142,"column":63}},"line":142},"20":{"name":"(anonymous_20)","decl":{"start":{"line":159,"column":37},"end":{"line":159,"column":38}},"loc":{"start":{"line":159,"column":45},"end":{"line":159,"column":85}},"line":159}},"branchMap":{"0":{"loc":{"start":{"line":119,"column":17},"end":{"line":135,"column":17}},"type":"cond-expr","locations":[{"start":{"line":120,"column":20},"end":{"line":129,"column":27}},{"start":{"line":131,"column":20},"end":{"line":134,"column":22}}],"line":119},"1":{"loc":{"start":{"line":138,"column":17},"end":{"line":161,"column":17}},"type":"cond-expr","locations":[{"start":{"line":139,"column":20},"end":{"line":156,"column":27}},{"start":{"line":158,"column":20},"end":{"line":160,"column":27}}],"line":138},"2":{"loc":{"start":{"line":141,"column":33},"end":{"line":141,"column":66}},"type":"cond-expr","locations":[{"start":{"line":141,"column":45},"end":{"line":141,"column":54}},{"start":{"line":141,"column":57},"end":{"line":141,"column":66}}],"line":141}},"s":{"0":7,"1":6,"2":6,"3":6,"4":6,"5":6,"6":6,"7":6,"8":1,"9":1,"10":6,"11":1,"12":1,"13":6,"14":1,"15":1,"16":6,"17":0,"18":6,"19":1,"20":6,"21":0,"22":0,"23":0,"24":0,"25":6,"26":1,"27":1,"28":1,"29":1,"30":1,"31":1,"32":6,"33":1,"34":1,"35":1,"36":1,"37":6,"38":1,"39":1,"40":1,"41":1,"42":1,"43":1,"44":0,"45":0,"46":0,"47":6,"48":6,"49":6,"50":0,"51":0,"52":0,"53":6,"54":1,"55":1,"56":4,"57":2},"f":{"0":7,"1":6,"2":6,"3":1,"4":1,"5":1,"6":0,"7":1,"8":0,"9":1,"10":1,"11":1,"12":1,"13":0,"14":6,"15":0,"16":0,"17":0,"18":1,"19":1,"20":4},"b":{"0":[4,2],"1":[4,2],"2":[1,0]},"_coverageSchema":"1a1c01bbd47fc00a2c39e90264f33305004495a9","hash":"595833431a9b2aac2866d407b2350fa49b3c2a96"}
,"C:\\Users\\jstev\\OneDrive\\Desktop\\echotechsuggest\\src\\utils\\constants.js": {"path":"C:\\Users\\jstev\\OneDrive\\Desktop\\echotechsuggest\\src\\utils\\constants.js","statementMap":{"0":{"start":{"line":1,"column":28},"end":{"line":1,"column":88}},"1":{"start":{"line":2,"column":23},"end":{"line":2,"column":83}}},"fnMap":{},"branchMap":{},"s":{"0":2,"1":2},"f":{},"b":{},"_coverageSchema":"1a1c01bbd47fc00a2c39e90264f33305004495a9","hash":"f57e8352ac63ac8b32250bd788f536d2a274d3a7"}
,"C:\\Users\\jstev\\OneDrive\\Desktop\\echotechsuggest\\src\\utils\\storage.js": {"path":"C:\\Users\\jstev\\OneDrive\\Desktop\\echotechsuggest\\src\\utils\\storage.js","statementMap":{"0":{"start":{"line":4,"column":25},"end":{"line":7,"column":5}},"1":{"start":{"line":8,"column":4},"end":{"line":8,"column":96}},"2":{"start":{"line":10,"column":20},"end":{"line":18,"column":5}},"3":{"start":{"line":20,"column":4},"end":{"line":20,"column":25}},"4":{"start":{"line":22,"column":4},"end":{"line":28,"column":11}},"5":{"start":{"line":24,"column":12},"end":{"line":24,"column":38}},"6":{"start":{"line":27,"column":12},"end":{"line":27,"column":44}},"7":{"start":{"line":32,"column":20},"end":{"line":39,"column":5}},"8":{"start":{"line":41,"column":4},"end":{"line":48,"column":11}},"9":{"start":{"line":43,"column":12},"end":{"line":44,"column":50}},"10":{"start":{"line":44,"column":34},"end":{"line":44,"column":48}},"11":{"start":{"line":47,"column":12},"end":{"line":47,"column":44}},"12":{"start":{"line":52,"column":20},"end":{"line":59,"column":5}},"13":{"start":{"line":61,"column":4},"end":{"line":68,"column":11}},"14":{"start":{"line":63,"column":12},"end":{"line":64,"column":49}},"15":{"start":{"line":64,"column":34},"end":{"line":64,"column":47}},"16":{"start":{"line":67,"column":12},"end":{"line":67,"column":44}},"17":{"start":{"line":72,"column":25},"end":{"line":81,"column":5}},"18":{"start":{"line":83,"column":20},"end":{"line":91,"column":5}},"19":{"start":{"line":93,"column":4},"end":{"line":99,"column":11}},"20":{"start":{"line":95,"column":12},"end":{"line":95,"column":37}},"21":{"start":{"line":98,"column":12},"end":{"line":98,"column":44}},"22":{"start":{"line":103,"column":25},"end":{"line":109,"column":5}},"23":{"start":{"line":111,"column":20},"end":{"line":119,"column":5}},"24":{"start":{"line":121,"column":4},"end":{"line":127,"column":11}},"25":{"start":{"line":123,"column":12},"end":{"line":123,"column":38}},"26":{"start":{"line":126,"column":12},"end":{"line":126,"column":44}},"27":{"start":{"line":131,"column":20},"end":{"line":138,"column":5}},"28":{"start":{"line":140,"column":4},"end":{"line":147,"column":11}},"29":{"start":{"line":142,"column":12},"end":{"line":143,"column":50}},"30":{"start":{"line":143,"column":34},"end":{"line":143,"column":48}},"31":{"start":{"line":146,"column":12},"end":{"line":146,"column":44}}},"fnMap":{"0":{"name":"createBookmark","decl":{"start":{"line":3,"column":22},"end":{"line":3,"column":36}},"loc":{"start":{"line":3,"column":50},"end":{"line":29,"column":1}},"line":3},"1":{"name":"(anonymous_1)","decl":{"start":{"line":23,"column":14},"end":{"line":23,"column":15}},"loc":{"start":{"line":23,"column":29},"end":{"line":25,"column":9}},"line":23},"2":{"name":"(anonymous_2)","decl":{"start":{"line":26,"column":15},"end":{"line":26,"column":16}},"loc":{"start":{"line":26,"column":33},"end":{"line":28,"column":9}},"line":26},"3":{"name":"listBookmarks","decl":{"start":{"line":31,"column":22},"end":{"line":31,"column":35}},"loc":{"start":{"line":31,"column":38},"end":{"line":49,"column":1}},"line":31},"4":{"name":"(anonymous_4)","decl":{"start":{"line":42,"column":14},"end":{"line":42,"column":15}},"loc":{"start":{"line":42,"column":29},"end":{"line":45,"column":9}},"line":42},"5":{"name":"(anonymous_5)","decl":{"start":{"line":44,"column":22},"end":{"line":44,"column":23}},"loc":{"start":{"line":44,"column":34},"end":{"line":44,"column":48}},"line":44},"6":{"name":"(anonymous_6)","decl":{"start":{"line":46,"column":15},"end":{"line":46,"column":16}},"loc":{"start":{"line":46,"column":33},"end":{"line":48,"column":9}},"line":46},"7":{"name":"getBookmark","decl":{"start":{"line":51,"column":22},"end":{"line":51,"column":33}},"loc":{"start":{"line":51,"column":46},"end":{"line":69,"column":1}},"line":51},"8":{"name":"(anonymous_8)","decl":{"start":{"line":62,"column":14},"end":{"line":62,"column":15}},"loc":{"start":{"line":62,"column":29},"end":{"line":65,"column":9}},"line":62},"9":{"name":"(anonymous_9)","decl":{"start":{"line":64,"column":22},"end":{"line":64,"column":23}},"loc":{"start":{"line":64,"column":34},"end":{"line":64,"column":47}},"line":64},"10":{"name":"(anonymous_10)","decl":{"start":{"line":66,"column":15},"end":{"line":66,"column":16}},"loc":{"start":{"line":66,"column":33},"end":{"line":68,"column":9}},"line":66},"11":{"name":"updateBookmark","decl":{"start":{"line":71,"column":22},"end":{"line":71,"column":36}},"loc":{"start":{"line":71,"column":66},"end":{"line":100,"column":1}},"line":71},"12":{"name":"(anonymous_12)","decl":{"start":{"line":94,"column":14},"end":{"line":94,"column":15}},"loc":{"start":{"line":94,"column":29},"end":{"line":96,"column":9}},"line":94},"13":{"name":"(anonymous_13)","decl":{"start":{"line":97,"column":15},"end":{"line":97,"column":16}},"loc":{"start":{"line":97,"column":33},"end":{"line":99,"column":9}},"line":97},"14":{"name":"deleteBookmark","decl":{"start":{"line":102,"column":22},"end":{"line":102,"column":36}},"loc":{"start":{"line":102,"column":49},"end":{"line":128,"column":1}},"line":102},"15":{"name":"(anonymous_15)","decl":{"start":{"line":122,"column":14},"end":{"line":122,"column":15}},"loc":{"start":{"line":122,"column":29},"end":{"line":124,"column":9}},"line":122},"16":{"name":"(anonymous_16)","decl":{"start":{"line":125,"column":15},"end":{"line":125,"column":16}},"loc":{"start":{"line":125,"column":33},"end":{"line":127,"column":9}},"line":125},"17":{"name":"listTags","decl":{"start":{"line":130,"column":22},"end":{"line":130,"column":30}},"loc":{"start":{"line":130,"column":33},"end":{"line":148,"column":1}},"line":130},"18":{"name":"(anonymous_18)","decl":{"start":{"line":141,"column":14},"end":{"line":141,"column":15}},"loc":{"start":{"line":141,"column":29},"end":{"line":144,"column":9}},"line":141},"19":{"name":"(anonymous_19)","decl":{"start":{"line":143,"column":22},"end":{"line":143,"column":23}},"loc":{"start":{"line":143,"column":34},"end":{"line":143,"column":48}},"line":143},"20":{"name":"(anonymous_20)","decl":{"start":{"line":145,"column":15},"end":{"line":145,"column":16}},"loc":{"start":{"line":145,"column":33},"end":{"line":147,"column":9}},"line":145}},"branchMap":{},"s":{"0":0,"1":0,"2":0,"3":0,"4":0,"5":0,"6":0,"7":0,"8":0,"9":0,"10":0,"11":0,"12":0,"13":0,"14":0,"15":0,"16":0,"17":0,"18":0,"19":0,"20":0,"21":0,"22":0,"23":0,"24":0,"25":0,"26":0,"27":0,"28":0,"29":0,"30":0,"31":0},"f":{"0":0,"1":0,"2":0,"3":0,"4":0,"5":0,"6":0,"7":0,"8":0,"9":0,"10":0,"11":0,"12":0,"13":0,"14":0,"15":0,"16":0,"17":0,"18":0,"19":0,"20":0},"b":{},"_coverageSchema":"1a1c01bbd47fc00a2c39e90264f33305004495a9","hash":"cd5b95a82a32a79903447cecf50f907a7debd842"}
}
