{"C:\\Users\\jstev\\OneDrive\\Desktop\\echotechsuggest\\src\\components\\alertBar\\alertBar.js": {"path":"C:\\Users\\jstev\\OneDrive\\Desktop\\echotechsuggest\\src\\components\\alertBar\\alertBar.js","statementMap":{"0":{"start":{"line":12,"column":8},"end":{"line":12,"column":13}},"1":{"start":{"line":14,"column":21},"end":{"line":14,"column":74}},"2":{"start":{"line":15,"column":25},"end":{"line":15,"column":85}},"3":{"start":{"line":17,"column":4},"end":{"line":29,"column":5}},"4":{"start":{"line":23,"column":31},"end":{"line":23,"column":48}},"5":{"start":{"line":32,"column":0},"end":{"line":37,"column":1}},"6":{"start":{"line":39,"column":15},"end":{"line":48,"column":2}}},"fnMap":{"0":{"name":"AlertBar","decl":{"start":{"line":6,"column":24},"end":{"line":6,"column":32}},"loc":{"start":{"line":6,"column":40},"end":{"line":30,"column":1}},"line":6},"1":{"name":"(anonymous_1)","decl":{"start":{"line":23,"column":25},"end":{"line":23,"column":26}},"loc":{"start":{"line":23,"column":31},"end":{"line":23,"column":48}},"line":23}},"branchMap":{"0":{"loc":{"start":{"line":14,"column":21},"end":{"line":14,"column":74}},"type":"cond-expr","locations":[{"start":{"line":14,"column":44},"end":{"line":14,"column":51}},{"start":{"line":14,"column":54},"end":{"line":14,"column":74}}],"line":14},"1":{"loc":{"start":{"line":15,"column":25},"end":{"line":15,"column":85}},"type":"cond-expr","locations":[{"start":{"line":15,"column":48},"end":{"line":15,"column":63}},{"start":{"line":15,"column":66},"end":{"line":15,"column":85}}],"line":15}},"s":{"0":4,"1":4,"2":4,"3":4,"4":0,"5":5,"6":5},"f":{"0":4,"1":0},"b":{"0":[0,4],"1":[0,4]},"_coverageSchema":"1a1c01bbd47fc00a2c39e90264f33305004495a9","hash":"a148e79d5c8e92cfbc9db1c31c2d6a8d84bbcdff"}
,"C:\\Users\\jstev\\OneDrive\\Desktop\\echotechsuggest\\src\\components\\manageBookmarks\\manageBookmarks.js": {"path":"C:\\Users\\jstev\\OneDrive\\Desktop\\echotechsuggest\\src\\components\\manageBookmarks\\manageBookmarks.js","statementMap":{"0":{"start":{"line":8,"column":19},"end":{"line":17,"column":1}},"1":{"start":{"line":9,"column":4},"end":{"line":16,"column":5}},"2":{"start":{"line":19,"column":16},"end":{"line":34,"column":1}},"3":{"start":{"line":20,"column":4},"end":{"line":33,"column":6}},"4":{"start":{"line":21,"column":23},"end":{"line":21,"column":25}},"5":{"start":{"line":23,"column":8},"end":{"line":30,"column":10}},"6":{"start":{"line":24,"column":12},"end":{"line":29,"column":13}},"7":{"start":{"line":25,"column":16},"end":{"line":25,"column":68}},"8":{"start":{"line":28,"column":16},"end":{"line":28,"column":45}},"9":{"start":{"line":32,"column":8},"end":{"line":32,"column":22}},"10":{"start":{"line":37,"column":34},"end":{"line":37,"column":52}},"11":{"start":{"line":38,"column":28},"end":{"line":38,"column":46}},"12":{"start":{"line":39,"column":36},"end":{"line":39,"column":54}},"13":{"start":{"line":40,"column":44},"end":{"line":43,"column":6}},"14":{"start":{"line":44,"column":34},"end":{"line":44,"column":55}},"15":{"start":{"line":46,"column":28},"end":{"line":63,"column":5}},"16":{"start":{"line":47,"column":8},"end":{"line":62,"column":15}},"17":{"start":{"line":49,"column":39},"end":{"line":49,"column":72}},"18":{"start":{"line":50,"column":36},"end":{"line":50,"column":82}},"19":{"start":{"line":52,"column":16},"end":{"line":52,"column":43}},"20":{"start":{"line":53,"column":16},"end":{"line":53,"column":37}},"21":{"start":{"line":56,"column":43},"end":{"line":59,"column":17}},"22":{"start":{"line":60,"column":16},"end":{"line":60,"column":52}},"23":{"start":{"line":61,"column":16},"end":{"line":61,"column":33}},"24":{"start":{"line":65,"column":4},"end":{"line":67,"column":11}},"25":{"start":{"line":66,"column":8},"end":{"line":66,"column":26}},"26":{"start":{"line":69,"column":34},"end":{"line":71,"column":5}},"27":{"start":{"line":70,"column":8},"end":{"line":70,"column":34}},"28":{"start":{"line":73,"column":25},"end":{"line":92,"column":5}},"29":{"start":{"line":74,"column":8},"end":{"line":91,"column":15}},"30":{"start":{"line":76,"column":45},"end":{"line":79,"column":17}},"31":{"start":{"line":80,"column":16},"end":{"line":80,"column":31}},"32":{"start":{"line":81,"column":16},"end":{"line":81,"column":54}},"33":{"start":{"line":82,"column":16},"end":{"line":82,"column":33}},"34":{"start":{"line":85,"column":43},"end":{"line":88,"column":17}},"35":{"start":{"line":89,"column":16},"end":{"line":89,"column":52}},"36":{"start":{"line":90,"column":16},"end":{"line":90,"column":33}},"37":{"start":{"line":94,"column":26},"end":{"line":96,"column":5}},"38":{"start":{"line":95,"column":8},"end":{"line":95,"column":26}},"39":{"start":{"line":98,"column":4},"end":{"line":129,"column":6}},"40":{"start":{"line":132,"column":14},"end":{"line":136,"column":2}}},"fnMap":{"0":{"name":"(anonymous_0)","decl":{"start":{"line":8,"column":19},"end":{"line":8,"column":20}},"loc":{"start":{"line":8,"column":25},"end":{"line":17,"column":1}},"line":8},"1":{"name":"(anonymous_1)","decl":{"start":{"line":19,"column":16},"end":{"line":19,"column":17}},"loc":{"start":{"line":19,"column":54},"end":{"line":34,"column":1}},"line":19},"2":{"name":"(anonymous_2)","decl":{"start":{"line":20,"column":31},"end":{"line":20,"column":32}},"loc":{"start":{"line":20,"column":43},"end":{"line":33,"column":5}},"line":20},"3":{"name":"(anonymous_3)","decl":{"start":{"line":23,"column":32},"end":{"line":23,"column":33}},"loc":{"start":{"line":23,"column":45},"end":{"line":30,"column":9}},"line":23},"4":{"name":"ManageBookmarks","decl":{"start":{"line":36,"column":24},"end":{"line":36,"column":39}},"loc":{"start":{"line":36,"column":42},"end":{"line":130,"column":1}},"line":36},"5":{"name":"(anonymous_5)","decl":{"start":{"line":46,"column":28},"end":{"line":46,"column":29}},"loc":{"start":{"line":46,"column":40},"end":{"line":63,"column":5}},"line":46},"6":{"name":"(anonymous_6)","decl":{"start":{"line":48,"column":18},"end":{"line":48,"column":19}},"loc":{"start":{"line":48,"column":43},"end":{"line":54,"column":13}},"line":48},"7":{"name":"(anonymous_7)","decl":{"start":{"line":55,"column":19},"end":{"line":55,"column":20}},"loc":{"start":{"line":55,"column":35},"end":{"line":62,"column":13}},"line":55},"8":{"name":"(anonymous_8)","decl":{"start":{"line":65,"column":20},"end":{"line":65,"column":21}},"loc":{"start":{"line":65,"column":26},"end":{"line":67,"column":5}},"line":65},"9":{"name":"(anonymous_9)","decl":{"start":{"line":69,"column":34},"end":{"line":69,"column":35}},"loc":{"start":{"line":69,"column":52},"end":{"line":71,"column":5}},"line":69},"10":{"name":"(anonymous_10)","decl":{"start":{"line":73,"column":25},"end":{"line":73,"column":26}},"loc":{"start":{"line":73,"column":37},"end":{"line":92,"column":5}},"line":73},"11":{"name":"(anonymous_11)","decl":{"start":{"line":75,"column":18},"end":{"line":75,"column":19}},"loc":{"start":{"line":75,"column":35},"end":{"line":83,"column":13}},"line":75},"12":{"name":"(anonymous_12)","decl":{"start":{"line":84,"column":19},"end":{"line":84,"column":20}},"loc":{"start":{"line":84,"column":35},"end":{"line":91,"column":13}},"line":84},"13":{"name":"(anonymous_13)","decl":{"start":{"line":94,"column":26},"end":{"line":94,"column":27}},"loc":{"start":{"line":94,"column":38},"end":{"line":96,"column":5}},"line":94}},"branchMap":{"0":{"loc":{"start":{"line":24,"column":12},"end":{"line":29,"column":13}},"type":"if","locations":[{"start":{"line":24,"column":12},"end":{"line":29,"column":13}},{"start":{"line":24,"column":12},"end":{"line":29,"column":13}}],"line":24}},"s":{"0":2,"1":4,"2":2,"3":4,"4":12,"5":12,"6":72,"7":60,"8":12,"9":12,"10":2,"11":2,"12":2,"13":2,"14":2,"15":2,"16":4,"17":4,"18":4,"19":4,"20":4,"21":0,"22":0,"23":0,"24":2,"25":2,"26":2,"27":1,"28":2,"29":1,"30":1,"31":1,"32":1,"33":1,"34":0,"35":0,"36":0,"37":2,"38":2,"39":2,"40":2},"f":{"0":4,"1":4,"2":12,"3":72,"4":2,"5":4,"6":4,"7":0,"8":2,"9":1,"10":1,"11":1,"12":0,"13":2},"b":{"0":[60,12]},"_coverageSchema":"1a1c01bbd47fc00a2c39e90264f33305004495a9","hash":"64e0f32baad7fe9901960e8c42045a322b41ced6"}
,"C:\\Users\\jstev\\OneDrive\\Desktop\\echotechsuggest\\src\\components\\manageBookmarks\\dataGrid\\dataGrid.js": {"path":"C:\\Users\\jstev\\OneDrive\\Desktop\\echotechsuggest\\src\\components\\manageBookmarks\\dataGrid\\dataGrid.js","statementMap":{"0":{"start":{"line":14,"column":8},"end":{"line":14,"column":13}},"1":{"start":{"line":16,"column":28},"end":{"line":16,"column":45}},"2":{"start":{"line":17,"column":21},"end":{"line":17,"column":36}},"3":{"start":{"line":18,"column":19},"end":{"line":18,"column":73}},"4":{"start":{"line":19,"column":26},"end":{"line":19,"column":83}},"5":{"start":{"line":21,"column":18},"end":{"line":21,"column":63}},"6":{"start":{"line":22,"column":29},"end":{"line":22,"column":64}},"7":{"start":{"line":22,"column":45},"end":{"line":22,"column":64}},"8":{"start":{"line":24,"column":4},"end":{"line":48,"column":6}},"9":{"start":{"line":29,"column":20},"end":{"line":33,"column":22}},"10":{"start":{"line":51,"column":0},"end":{"line":53,"column":2}},"11":{"start":{"line":55,"column":0},"end":{"line":71,"column":2}}},"fnMap":{"0":{"name":"DataGrid","decl":{"start":{"line":8,"column":24},"end":{"line":8,"column":32}},"loc":{"start":{"line":8,"column":40},"end":{"line":49,"column":1}},"line":8},"1":{"name":"(anonymous_1)","decl":{"start":{"line":22,"column":29},"end":{"line":22,"column":30}},"loc":{"start":{"line":22,"column":45},"end":{"line":22,"column":64}},"line":22},"2":{"name":"(anonymous_2)","decl":{"start":{"line":28,"column":26},"end":{"line":28,"column":27}},"loc":{"start":{"line":28,"column":42},"end":{"line":34,"column":17}},"line":28}},"branchMap":{"0":{"loc":{"start":{"line":18,"column":19},"end":{"line":18,"column":73}},"type":"cond-expr","locations":[{"start":{"line":18,"column":35},"end":{"line":18,"column":56}},{"start":{"line":18,"column":61},"end":{"line":18,"column":72}}],"line":18},"1":{"loc":{"start":{"line":19,"column":26},"end":{"line":19,"column":83}},"type":"cond-expr","locations":[{"start":{"line":19,"column":42},"end":{"line":19,"column":76}},{"start":{"line":19,"column":81},"end":{"line":19,"column":82}}],"line":19},"2":{"loc":{"start":{"line":25,"column":8},"end":{"line":47,"column":9}},"type":"cond-expr","locations":[{"start":{"line":26,"column":12},"end":{"line":41,"column":24}},{"start":{"line":43,"column":12},"end":{"line":46,"column":19}}],"line":25}},"s":{"0":1,"1":1,"2":1,"3":1,"4":1,"5":1,"6":1,"7":0,"8":1,"9":3,"10":3,"11":3},"f":{"0":1,"1":0,"2":3},"b":{"0":[0,1],"1":[0,1],"2":[1,0]},"_coverageSchema":"1a1c01bbd47fc00a2c39e90264f33305004495a9","hash":"4712a346eeac6a5cca768009059cac4e7d9fd504"}
,"C:\\Users\\jstev\\OneDrive\\Desktop\\echotechsuggest\\src\\components\\manageBookmarks\\dataGrid\\cells\\cell.js": {"path":"C:\\Users\\jstev\\OneDrive\\Desktop\\echotechsuggest\\src\\components\\manageBookmarks\\dataGrid\\cells\\cell.js","statementMap":{"0":{"start":{"line":6,"column":22},"end":{"line":6,"column":27}},"1":{"start":{"line":8,"column":4},"end":{"line":12,"column":5}},"2":{"start":{"line":15,"column":0},"end":{"line":17,"column":1}}},"fnMap":{"0":{"name":"Cell","decl":{"start":{"line":5,"column":24},"end":{"line":5,"column":28}},"loc":{"start":{"line":5,"column":36},"end":{"line":13,"column":1}},"line":5}},"branchMap":{},"s":{"0":1,"1":1,"2":5},"f":{"0":1},"b":{},"_coverageSchema":"1a1c01bbd47fc00a2c39e90264f33305004495a9","hash":"dc894781be913a231da172a0808e83370e5304e8"}
,"C:\\Users\\jstev\\OneDrive\\Desktop\\echotechsuggest\\src\\components\\manageBookmarks\\dataGrid\\cells\\checkboxCell.js": {"path":"C:\\Users\\jstev\\OneDrive\\Desktop\\echotechsuggest\\src\\components\\manageBookmarks\\dataGrid\\cells\\checkboxCell.js","statementMap":{"0":{"start":{"line":6,"column":33},"end":{"line":6,"column":38}},"1":{"start":{"line":8,"column":34},"end":{"line":8,"column":55}},"2":{"start":{"line":10,"column":26},"end":{"line":18,"column":5}},"3":{"start":{"line":11,"column":8},"end":{"line":17,"column":9}},"4":{"start":{"line":12,"column":12},"end":{"line":12,"column":29}},"5":{"start":{"line":15,"column":12},"end":{"line":15,"column":29}},"6":{"start":{"line":16,"column":12},"end":{"line":16,"column":29}},"7":{"start":{"line":20,"column":4},"end":{"line":27,"column":5}},"8":{"start":{"line":30,"column":0},"end":{"line":33,"column":1}}},"fnMap":{"0":{"name":"CheckboxCell","decl":{"start":{"line":5,"column":24},"end":{"line":5,"column":36}},"loc":{"start":{"line":5,"column":44},"end":{"line":28,"column":1}},"line":5},"1":{"name":"(anonymous_1)","decl":{"start":{"line":10,"column":26},"end":{"line":10,"column":27}},"loc":{"start":{"line":10,"column":32},"end":{"line":18,"column":5}},"line":10}},"branchMap":{"0":{"loc":{"start":{"line":11,"column":8},"end":{"line":17,"column":9}},"type":"if","locations":[{"start":{"line":11,"column":8},"end":{"line":17,"column":9}},{"start":{"line":11,"column":8},"end":{"line":17,"column":9}}],"line":11},"1":{"loc":{"start":{"line":23,"column":24},"end":{"line":23,"column":57}},"type":"cond-expr","locations":[{"start":{"line":23,"column":34},"end":{"line":23,"column":43}},{"start":{"line":23,"column":46},"end":{"line":23,"column":57}}],"line":23}},"s":{"0":2,"1":2,"2":2,"3":1,"4":0,"5":1,"6":1,"7":2,"8":5},"f":{"0":2,"1":1},"b":{"0":[0,1],"1":[0,2]},"_coverageSchema":"1a1c01bbd47fc00a2c39e90264f33305004495a9","hash":"1ddd94f29f65c36be24341eeb1f5d28333873179"}
,"C:\\Users\\jstev\\OneDrive\\Desktop\\echotechsuggest\\src\\components\\manageBookmarks\\dataGrid\\cells\\chipCell.js": {"path":"C:\\Users\\jstev\\OneDrive\\Desktop\\echotechsuggest\\src\\components\\manageBookmarks\\dataGrid\\cells\\chipCell.js","statementMap":{"0":{"start":{"line":5,"column":21},"end":{"line":11,"column":1}},"1":{"start":{"line":6,"column":4},"end":{"line":10,"column":5}},"2":{"start":{"line":14,"column":23},"end":{"line":14,"column":28}},"3":{"start":{"line":16,"column":20},"end":{"line":16,"column":58}},"4":{"start":{"line":16,"column":39},"end":{"line":16,"column":57}},"5":{"start":{"line":18,"column":4},"end":{"line":22,"column":5}},"6":{"start":{"line":25,"column":0},"end":{"line":27,"column":1}},"7":{"start":{"line":29,"column":0},"end":{"line":31,"column":1}}},"fnMap":{"0":{"name":"(anonymous_0)","decl":{"start":{"line":5,"column":21},"end":{"line":5,"column":22}},"loc":{"start":{"line":5,"column":38},"end":{"line":11,"column":1}},"line":5},"1":{"name":"ChipCell","decl":{"start":{"line":13,"column":24},"end":{"line":13,"column":32}},"loc":{"start":{"line":13,"column":40},"end":{"line":23,"column":1}},"line":13},"2":{"name":"(anonymous_2)","decl":{"start":{"line":16,"column":31},"end":{"line":16,"column":32}},"loc":{"start":{"line":16,"column":39},"end":{"line":16,"column":57}},"line":16}},"branchMap":{},"s":{"0":5,"1":3,"2":1,"3":1,"4":3,"5":1,"6":5,"7":5},"f":{"0":3,"1":1,"2":3},"b":{},"_coverageSchema":"1a1c01bbd47fc00a2c39e90264f33305004495a9","hash":"51b4db184f5a35b64d404665b4c2f39ef181ff4d"}
,"C:\\Users\\jstev\\OneDrive\\Desktop\\echotechsuggest\\src\\components\\manageBookmarks\\dataGrid\\headerRow\\headerCell.js": {"path":"C:\\Users\\jstev\\OneDrive\\Desktop\\echotechsuggest\\src\\components\\manageBookmarks\\dataGrid\\headerRow\\headerCell.js","statementMap":{"0":{"start":{"line":10,"column":8},"end":{"line":10,"column":13}},"1":{"start":{"line":12,"column":4},"end":{"line":16,"column":5}},"2":{"start":{"line":19,"column":0},"end":{"line":21,"column":1}},"3":{"start":{"line":23,"column":0},"end":{"line":27,"column":1}}},"fnMap":{"0":{"name":"HeaderCell","decl":{"start":{"line":5,"column":24},"end":{"line":5,"column":34}},"loc":{"start":{"line":5,"column":42},"end":{"line":17,"column":1}},"line":5}},"branchMap":{},"s":{"0":7,"1":7,"2":5,"3":5},"f":{"0":7},"b":{},"_coverageSchema":"1a1c01bbd47fc00a2c39e90264f33305004495a9","hash":"db79c906c94fd281ee7d3962ccaf0c28f963d5da"}
,"C:\\Users\\jstev\\OneDrive\\Desktop\\echotechsuggest\\src\\components\\manageBookmarks\\dataGrid\\headerRow\\headerRow.js": {"path":"C:\\Users\\jstev\\OneDrive\\Desktop\\echotechsuggest\\src\\components\\manageBookmarks\\dataGrid\\headerRow\\headerRow.js","statementMap":{"0":{"start":{"line":8,"column":24},"end":{"line":8,"column":29}},"1":{"start":{"line":10,"column":26},"end":{"line":12,"column":6}},"2":{"start":{"line":11,"column":8},"end":{"line":11,"column":34}},"3":{"start":{"line":14,"column":4},"end":{"line":19,"column":5}},"4":{"start":{"line":22,"column":0},"end":{"line":24,"column":1}},"5":{"start":{"line":26,"column":0},"end":{"line":32,"column":1}}},"fnMap":{"0":{"name":"HeaderRow","decl":{"start":{"line":7,"column":24},"end":{"line":7,"column":33}},"loc":{"start":{"line":7,"column":41},"end":{"line":20,"column":1}},"line":7},"1":{"name":"(anonymous_1)","decl":{"start":{"line":10,"column":38},"end":{"line":10,"column":39}},"loc":{"start":{"line":11,"column":8},"end":{"line":11,"column":34}},"line":11}},"branchMap":{},"s":{"0":2,"1":2,"2":6,"3":2,"4":4,"5":4},"f":{"0":2,"1":6},"b":{},"_coverageSchema":"1a1c01bbd47fc00a2c39e90264f33305004495a9","hash":"14da65207ba287c5c0a08e66aba99326d29cc691"}
,"C:\\Users\\jstev\\OneDrive\\Desktop\\echotechsuggest\\src\\components\\manageBookmarks\\dataGrid\\rows\\row.js": {"path":"C:\\Users\\jstev\\OneDrive\\Desktop\\echotechsuggest\\src\\components\\manageBookmarks\\dataGrid\\rows\\row.js","statementMap":{"0":{"start":{"line":14,"column":8},"end":{"line":14,"column":13}},"1":{"start":{"line":23,"column":8},"end":{"line":23,"column":15}},"2":{"start":{"line":25,"column":4},"end":{"line":38,"column":5}},"3":{"start":{"line":41,"column":0},"end":{"line":45,"column":1}},"4":{"start":{"line":47,"column":0},"end":{"line":58,"column":1}}},"fnMap":{"0":{"name":"Row","decl":{"start":{"line":9,"column":24},"end":{"line":9,"column":27}},"loc":{"start":{"line":9,"column":35},"end":{"line":39,"column":1}},"line":9}},"branchMap":{},"s":{"0":1,"1":1,"2":1,"3":4,"4":4},"f":{"0":1},"b":{},"_coverageSchema":"1a1c01bbd47fc00a2c39e90264f33305004495a9","hash":"cb1ef5d6c6c2378cec0d71538aa54018e897bad0"}
,"C:\\Users\\jstev\\OneDrive\\Desktop\\echotechsuggest\\src\\components\\menu\\menu.js": {"path":"C:\\Users\\jstev\\OneDrive\\Desktop\\echotechsuggest\\src\\components\\menu\\menu.js","statementMap":{"0":{"start":{"line":10,"column":28},"end":{"line":10,"column":45}},"1":{"start":{"line":12,"column":30},"end":{"line":14,"column":5}},"2":{"start":{"line":13,"column":8},"end":{"line":13,"column":19}},"3":{"start":{"line":16,"column":34},"end":{"line":18,"column":5}},"4":{"start":{"line":17,"column":8},"end":{"line":17,"column":19}},"5":{"start":{"line":20,"column":23},"end":{"line":22,"column":5}},"6":{"start":{"line":21,"column":8},"end":{"line":21,"column":19}},"7":{"start":{"line":24,"column":24},"end":{"line":73,"column":5}},"8":{"start":{"line":25,"column":8},"end":{"line":72,"column":9}},"9":{"start":{"line":26,"column":12},"end":{"line":47,"column":13}},"10":{"start":{"line":49,"column":13},"end":{"line":72,"column":9}},"11":{"start":{"line":50,"column":12},"end":{"line":59,"column":13}},"12":{"start":{"line":61,"column":13},"end":{"line":72,"column":9}},"13":{"start":{"line":62,"column":12},"end":{"line":71,"column":13}},"14":{"start":{"line":75,"column":4},"end":{"line":88,"column":5}},"15":{"start":{"line":91,"column":15},"end":{"line":120,"column":2}}},"fnMap":{"0":{"name":"Menu","decl":{"start":{"line":8,"column":24},"end":{"line":8,"column":28}},"loc":{"start":{"line":8,"column":60},"end":{"line":89,"column":1}},"line":8},"1":{"name":"(anonymous_1)","decl":{"start":{"line":12,"column":30},"end":{"line":12,"column":31}},"loc":{"start":{"line":12,"column":36},"end":{"line":14,"column":5}},"line":12},"2":{"name":"(anonymous_2)","decl":{"start":{"line":16,"column":34},"end":{"line":16,"column":35}},"loc":{"start":{"line":16,"column":40},"end":{"line":18,"column":5}},"line":16},"3":{"name":"(anonymous_3)","decl":{"start":{"line":20,"column":23},"end":{"line":20,"column":24}},"loc":{"start":{"line":20,"column":29},"end":{"line":22,"column":5}},"line":20},"4":{"name":"(anonymous_4)","decl":{"start":{"line":24,"column":24},"end":{"line":24,"column":25}},"loc":{"start":{"line":24,"column":30},"end":{"line":73,"column":5}},"line":24}},"branchMap":{"0":{"loc":{"start":{"line":25,"column":8},"end":{"line":72,"column":9}},"type":"if","locations":[{"start":{"line":25,"column":8},"end":{"line":72,"column":9}},{"start":{"line":25,"column":8},"end":{"line":72,"column":9}}],"line":25},"1":{"loc":{"start":{"line":49,"column":13},"end":{"line":72,"column":9}},"type":"if","locations":[{"start":{"line":49,"column":13},"end":{"line":72,"column":9}},{"start":{"line":49,"column":13},"end":{"line":72,"column":9}}],"line":49},"2":{"loc":{"start":{"line":61,"column":13},"end":{"line":72,"column":9}},"type":"if","locations":[{"start":{"line":61,"column":13},"end":{"line":72,"column":9}},{"start":{"line":61,"column":13},"end":{"line":72,"column":9}}],"line":61}},"s":{"0":2,"1":2,"2":1,"3":2,"4":1,"5":2,"6":0,"7":2,"8":2,"9":2,"10":0,"11":0,"12":0,"13":0,"14":2,"15":1},"f":{"0":2,"1":1,"2":1,"3":0,"4":2},"b":{"0":[2,0],"1":[0,0],"2":[0,0]},"_coverageSchema":"1a1c01bbd47fc00a2c39e90264f33305004495a9","hash":"68007d0c5e88b11532876d9177e6e8d094cdb006"}
,"C:\\Users\\jstev\\OneDrive\\Desktop\\echotechsuggest\\src\\components\\newBookmark\\newBookmark.js": {"path":"C:\\Users\\jstev\\OneDrive\\Desktop\\echotechsuggest\\src\\components\\newBookmark\\newBookmark.js","statementMap":{"0":{"start":{"line":7,"column":19},"end":{"line":12,"column":1}},"1":{"start":{"line":14,"column":16},"end":{"line":19,"column":1}},"2":{"start":{"line":23,"column":42},"end":{"line":23,"column":60}},"3":{"start":{"line":24,"column":34},"end":{"line":24,"column":52}},"4":{"start":{"line":25,"column":30},"end":{"line":25,"column":51}},"5":{"start":{"line":26,"column":34},"end":{"line":26,"column":55}},"6":{"start":{"line":28,"column":28},"end":{"line":30,"column":5}},"7":{"start":{"line":29,"column":8},"end":{"line":29,"column":29}},"8":{"start":{"line":32,"column":25},"end":{"line":44,"column":5}},"9":{"start":{"line":33,"column":8},"end":{"line":43,"column":14}},"10":{"start":{"line":35,"column":16},"end":{"line":35,"column":32}},"11":{"start":{"line":36,"column":16},"end":{"line":36,"column":82}},"12":{"start":{"line":37,"column":16},"end":{"line":37,"column":33}},"13":{"start":{"line":40,"column":16},"end":{"line":40,"column":31}},"14":{"start":{"line":41,"column":16},"end":{"line":41,"column":48}},"15":{"start":{"line":42,"column":16},"end":{"line":42,"column":33}},"16":{"start":{"line":46,"column":4},"end":{"line":70,"column":5}},"17":{"start":{"line":73,"column":14},"end":{"line":89,"column":2}}},"fnMap":{"0":{"name":"NewBookmark","decl":{"start":{"line":21,"column":24},"end":{"line":21,"column":35}},"loc":{"start":{"line":21,"column":38},"end":{"line":71,"column":1}},"line":21},"1":{"name":"(anonymous_1)","decl":{"start":{"line":28,"column":28},"end":{"line":28,"column":29}},"loc":{"start":{"line":28,"column":38},"end":{"line":30,"column":5}},"line":28},"2":{"name":"(anonymous_2)","decl":{"start":{"line":32,"column":25},"end":{"line":32,"column":26}},"loc":{"start":{"line":32,"column":37},"end":{"line":44,"column":5}},"line":32},"3":{"name":"(anonymous_3)","decl":{"start":{"line":34,"column":18},"end":{"line":34,"column":19}},"loc":{"start":{"line":34,"column":24},"end":{"line":38,"column":13}},"line":34},"4":{"name":"(anonymous_4)","decl":{"start":{"line":39,"column":19},"end":{"line":39,"column":20}},"loc":{"start":{"line":39,"column":36},"end":{"line":43,"column":13}},"line":39}},"branchMap":{"0":{"loc":{"start":{"line":66,"column":26},"end":{"line":66,"column":53}},"type":"cond-expr","locations":[{"start":{"line":66,"column":34},"end":{"line":66,"column":41}},{"start":{"line":66,"column":44},"end":{"line":66,"column":53}}],"line":66}},"s":{"0":2,"1":2,"2":3,"3":3,"4":3,"5":3,"6":3,"7":2,"8":3,"9":2,"10":1,"11":1,"12":1,"13":1,"14":1,"15":1,"16":3,"17":2},"f":{"0":3,"1":2,"2":2,"3":1,"4":1},"b":{"0":[0,3]},"_coverageSchema":"1a1c01bbd47fc00a2c39e90264f33305004495a9","hash":"516e352ba50d07be9a597affa4f2d1824dc5d523"}
,"C:\\Users\\jstev\\OneDrive\\Desktop\\echotechsuggest\\src\\utils\\storage.js": {"path":"C:\\Users\\jstev\\OneDrive\\Desktop\\echotechsuggest\\src\\utils\\storage.js","statementMap":{"0":{"start":{"line":2,"column":4},"end":{"line":5,"column":5}},"1":{"start":{"line":9,"column":4},"end":{"line":34,"column":6}},"2":{"start":{"line":38,"column":4},"end":{"line":41,"column":5}}},"fnMap":{"0":{"name":"createBookmark","decl":{"start":{"line":1,"column":22},"end":{"line":1,"column":36}},"loc":{"start":{"line":1,"column":50},"end":{"line":6,"column":1}},"line":1},"1":{"name":"listBookmarks","decl":{"start":{"line":8,"column":22},"end":{"line":8,"column":35}},"loc":{"start":{"line":8,"column":38},"end":{"line":35,"column":1}},"line":8},"2":{"name":"deleteBookmark","decl":{"start":{"line":37,"column":22},"end":{"line":37,"column":36}},"loc":{"start":{"line":37,"column":51},"end":{"line":42,"column":1}},"line":37}},"branchMap":{},"s":{"0":1,"1":1,"2":1},"f":{"0":1,"1":1,"2":1},"b":{},"_coverageSchema":"1a1c01bbd47fc00a2c39e90264f33305004495a9","hash":"899a420039fdd38534c0fc382773b1daaee2182a"}
}
