TN:
SF:src\components\alertBar\alertBar.js
FN:6,AlertBar
FN:23,(anonymous_1)
FNF:2
FNH:1
FNDA:4,AlertBar
FNDA:0,(anonymous_1)
DA:12,4
DA:14,4
DA:15,4
DA:17,4
DA:23,0
DA:32,5
DA:39,5
LF:7
LH:6
BRDA:14,0,0,0
BRDA:14,0,1,4
BRDA:15,1,0,0
BRDA:15,1,1,4
BRF:4
BRH:2
end_of_record
TN:
SF:src\components\manageBookmarks\manageBookmarks.js
FN:8,(anonymous_0)
FN:19,(anonymous_1)
FN:20,(anonymous_2)
FN:23,(anonymous_3)
FN:36,ManageBookmarks
FN:46,(anonymous_5)
FN:48,(anonymous_6)
FN:55,(anonymous_7)
FN:65,(anonymous_8)
FN:69,(anonymous_9)
FN:73,(anonymous_10)
FN:75,(anonymous_11)
FN:84,(anonymous_12)
FN:94,(anonymous_13)
FNF:14
FNH:12
FNDA:4,(anonymous_0)
FNDA:4,(anonymous_1)
FNDA:12,(anonymous_2)
FNDA:72,(anonymous_3)
FNDA:2,ManageBookmarks
FNDA:4,(anonymous_5)
FNDA:4,(anonymous_6)
FNDA:0,(anonymous_7)
FNDA:2,(anonymous_8)
FNDA:1,(anonymous_9)
FNDA:1,(anonymous_10)
FNDA:1,(anonymous_11)
FNDA:0,(anonymous_12)
FNDA:2,(anonymous_13)
DA:8,2
DA:9,4
DA:19,2
DA:20,4
DA:21,12
DA:23,12
DA:24,72
DA:25,60
DA:28,12
DA:32,12
DA:37,2
DA:38,2
DA:39,2
DA:40,2
DA:44,2
DA:46,2
DA:47,4
DA:49,4
DA:50,4
DA:52,4
DA:53,4
DA:56,0
DA:60,0
DA:61,0
DA:65,2
DA:66,2
DA:69,2
DA:70,1
DA:73,2
DA:74,1
DA:76,1
DA:80,1
DA:81,1
DA:82,1
DA:85,0
DA:89,0
DA:90,0
DA:94,2
DA:95,2
DA:98,2
LF:40
LH:34
BRDA:24,0,0,60
BRDA:24,0,1,12
BRF:2
BRH:2
end_of_record
TN:
SF:src\components\manageBookmarks\dataGrid\dataGrid.js
FN:5,(anonymous_0)
FN:8,(anonymous_1)
FN:18,(anonymous_2)
FN:30,(anonymous_3)
FN:34,(anonymous_4)
FN:43,DataGrid
FN:58,(anonymous_6)
FNF:7
FNH:5
FNDA:1,(anonymous_0)
FNDA:0,(anonymous_1)
FNDA:3,(anonymous_2)
FNDA:1,(anonymous_3)
FNDA:6,(anonymous_4)
FNDA:1,DataGrid
FNDA:0,(anonymous_6)
DA:5,3
DA:6,1
DA:8,1
DA:9,0
DA:10,0
DA:11,0
DA:14,0
DA:18,1
DA:19,3
DA:30,3
DA:31,1
DA:35,6
DA:50,1
DA:52,1
DA:53,1
DA:54,1
DA:55,1
DA:57,1
DA:58,1
DA:60,1
DA:61,1
DA:63,1
DA:77,3
DA:81,3
LF:24
LH:20
BRDA:9,0,0,0
BRDA:9,0,1,0
BRDA:22,1,0,0
BRDA:22,1,1,3
BRDA:54,2,0,0
BRDA:54,2,1,1
BRDA:55,3,0,0
BRDA:55,3,1,1
BRF:8
BRH:3
end_of_record
TN:
SF:src\components\menu\menu.js
FN:16,Menu
FN:20,(anonymous_1)
FN:24,(anonymous_2)
FN:28,(anonymous_3)
FNF:4
FNH:3
FNDA:2,Menu
FNDA:1,(anonymous_1)
FNDA:1,(anonymous_2)
FNDA:0,(anonymous_3)
DA:8,1
DA:18,2
DA:20,2
DA:21,1
DA:24,2
DA:25,1
DA:28,2
DA:29,0
DA:32,2
LF:9
LH:8
BRDA:37,0,0,2
BRDA:37,0,1,0
BRDA:58,1,0,0
BRDA:58,1,1,0
BRDA:62,2,0,0
BRDA:62,2,1,0
BRF:6
BRH:1
end_of_record
TN:
SF:src\components\newBookmark\newBookmark.js
FN:21,NewBookmark
FN:28,(anonymous_1)
FN:32,(anonymous_2)
FN:34,(anonymous_3)
FN:39,(anonymous_4)
FNF:5
FNH:5
FNDA:3,NewBookmark
FNDA:2,(anonymous_1)
FNDA:2,(anonymous_2)
FNDA:1,(anonymous_3)
FNDA:1,(anonymous_4)
DA:7,2
DA:14,2
DA:23,3
DA:24,3
DA:25,3
DA:26,3
DA:28,3
DA:29,2
DA:32,3
DA:33,2
DA:35,1
DA:36,1
DA:37,1
DA:40,1
DA:41,1
DA:42,1
DA:46,3
LF:17
LH:17
BRDA:66,0,0,0
BRDA:66,0,1,3
BRF:2
BRH:1
end_of_record
TN:
SF:src\utils\storage.js
FN:3,createBookmark
FN:10,listBookmarks
FN:39,deleteBookmark
FNF:3
FNH:3
FNDA:1,createBookmark
FNDA:1,listBookmarks
FNDA:1,deleteBookmark
DA:4,1
DA:11,1
DA:40,1
LF:3
LH:3
BRF:0
BRH:0
end_of_record
