TN:
SF:src\components\manageBookmarks\manageBookmarks.js
FN:9,(anonymous_0)
FN:11,(anonymous_1)
FN:22,(anonymous_2)
FN:25,(anonymous_3)
FN:26,(anonymous_4)
FN:27,(anonymous_5)
FN:46,(anonymous_6)
FN:47,(anonymous_7)
FN:50,(anonymous_8)
FN:63,ManageBookmarks
FN:72,(anonymous_10)
FN:83,(anonymous_11)
FN:87,(anonymous_12)
FN:91,(anonymous_13)
FN:93,(anonymous_14)
FN:101,(anonymous_15)
FN:110,(anonymous_16)
FNF:17
FNH:12
FNDA:6,(anonymous_0)
FNDA:18,(anonymous_1)
FNDA:1,(anonymous_2)
FNDA:3,(anonymous_3)
FNDA:16,(anonymous_4)
FNDA:45,(anonymous_5)
FNDA:1,(anonymous_6)
FNDA:3,(anonymous_7)
FNDA:18,(anonymous_8)
FNDA:1,ManageBookmarks
FNDA:1,(anonymous_10)
FNDA:1,(anonymous_11)
FNDA:0,(anonymous_12)
FNDA:0,(anonymous_13)
FNDA:0,(anonymous_14)
FNDA:0,(anonymous_15)
FNDA:0,(anonymous_16)
DA:9,1
DA:10,6
DA:12,18
DA:14,18
DA:15,16
DA:19,6
DA:22,1
DA:23,1
DA:25,1
DA:26,3
DA:27,16
DA:28,45
DA:31,16
DA:32,6
DA:38,6
DA:43,1
DA:46,1
DA:47,1
DA:48,3
DA:50,3
DA:51,18
DA:52,16
DA:55,2
DA:59,3
DA:64,1
DA:65,1
DA:66,1
DA:67,1
DA:72,1
DA:73,1
DA:75,1
DA:77,1
DA:79,1
DA:80,1
DA:83,1
DA:84,1
DA:87,1
DA:88,0
DA:91,1
DA:92,0
DA:94,0
DA:98,0
DA:99,0
DA:102,0
DA:106,0
DA:110,1
DA:111,0
DA:114,1
LF:48
LH:40
BRDA:14,0,0,2
BRDA:14,0,1,16
BRDA:31,1,0,6
BRDA:31,1,1,10
BRDA:51,2,0,16
BRDA:51,2,1,2
BRDA:121,3,0,0
BRDA:121,3,1,1
BRDA:132,4,0,1
BRDA:132,4,1,0
BRDA:139,5,0,0
BRDA:139,5,1,1
BRDA:139,6,0,1
BRDA:139,6,1,0
BRF:14
BRH:10
end_of_record
TN:
SF:src\components\newBookmark\newBookmark.js
FN:6,NewBookmark
FN:12,(anonymous_1)
FN:16,(anonymous_2)
FN:18,(anonymous_3)
FN:22,(anonymous_4)
FNF:5
FNH:5
FNDA:3,NewBookmark
FNDA:2,(anonymous_1)
FNDA:2,(anonymous_2)
FNDA:1,(anonymous_3)
FNDA:1,(anonymous_4)
DA:8,3
DA:9,3
DA:10,3
DA:12,3
DA:13,2
DA:16,3
DA:17,2
DA:19,1
DA:20,1
DA:23,1
DA:24,1
DA:28,3
LF:12
LH:12
BRDA:52,0,0,0
BRDA:52,0,1,3
BRDA:53,1,0,0
BRDA:53,1,1,0
BRF:4
BRH:1
end_of_record
TN:
SF:src\utils\storage.js
FN:3,createBookmark
FN:42,listBookmarks
FN:47,deleteBookmark
FN:58,(anonymous_3)
FNF:4
FNH:3
FNDA:1,createBookmark
FNDA:1,listBookmarks
FNDA:1,deleteBookmark
FNDA:0,(anonymous_3)
DA:4,1
DA:5,1
DA:7,1
DA:8,1
DA:9,1
DA:12,1
DA:13,1
DA:15,1
DA:22,1
DA:24,1
DA:29,1
DA:35,0
DA:43,1
DA:44,1
DA:48,1
DA:49,1
DA:51,1
DA:52,1
DA:57,0
DA:59,0
DA:62,0
DA:64,0
DA:69,0
DA:75,0
LF:24
LH:17
BRDA:8,0,0,1
BRDA:8,0,1,0
BRDA:51,1,0,1
BRDA:51,1,1,0
BRF:4
BRH:2
end_of_record
